Strategy: cost
{
  "power": 128,
  "cost": 0.0000043743,
  "duration": 2078.045,
  "stateMachine": {
    "executionCost": 0.0003,
    "lambdaCost": 0.000349944,
    "visualization": "https://lambda-power-tuning.show/#gAAAAQACAAQACMAL;uOABRYxZgkS/ePtDp613Q6RQFUMbqBRD;88aSNjzEmTbNvqc2zb6nNhGp3zYpQCQ3"
  }
}

{
  "power": 1900,
  "cost": 0.00000618390625,
  "duration": 147.57833333333335,
  "stateMachine": {
    "executionCost": 0.00043,
    "lambdaCost": 0.0005961285625,
    "visualization": "https://lambda-power-tuning.show/#AARMBLAEFAV4BdwFQAakBggHbAfQBw==;pFB5Qwo3aEOd9lVDUlhGQz3KOUMHGjBDdNolQ5r5I0Mz8xNDDpQTQzeQFEM=;zb6nNvYxtDaYk8Q20viNNpPkmDZU0KM2FryuNtenuTaYk8Q2Wn/PNhtr2jY="
  }
}
